
[2025-07-07 12:32:54] Loading Conda environment /fs/ess/PAS0471/jelmer/conda/iqtree

[2025-07-07 12:32:54] Starting script iqtree.sh, version 2025-05-28
==========================================================================
All options passed to this script:        --infile results/NAD4/clipkit/WBNAD4Aligned.fasta --outdir results/NAD4/iqtree --nboot 1000 --more_opts --msub mitochondrial
Input FASTA file:                         results/NAD4/clipkit/WBNAD4Aligned.fasta
Output dir:                               results/NAD4/iqtree
Output file prefix:                       WBNAD4Aligned
Run IQ-Tree in fast mode:                 false
Use IQ-Tree's 'AUTO' core mode:           false
Number of ultrafast bootstraps:           1000
Additional options for IQ-TREE:        --msub mitochondrial

[2025-07-07 12:32:54] Listing the input file(s):
-rw-r--r-- 1 jelmer PAS0471 7.6K Jul  7 12:25 results/NAD4/clipkit/WBNAD4Aligned.fasta

[2025-07-07 12:32:54] SLURM job information:
Account (project):                        pas0471
Job ID:                                   1908872
Job name:                                 iqtree
Memory (GB per node):                     4
CPUs (on node):                           1
Time limit (minutes):                     60
==========================================================================


[2025-07-07 12:32:54] Running IQ-TREE...
IQ-TREE multicore version 2.4.0 for Linux x86 64-bit built Feb 12 2025
Developed by Bui Quang Minh, Nguyen Lam Tung, Olga Chernomor, Heiko Schmidt,
Dominik Schrempf, Michael Woodhams, Ly Trong Nhan, Thomas Wong

Host:    c0326.ten.osc.edu (AVX512, FMA3, 631 GB RAM)
Command: iqtree -s results/NAD4/clipkit/WBNAD4Aligned.fasta --prefix results/NAD4/iqtree/WBNAD4Aligned --ufboot 1000 -nt 1 -ntmax 1 -mem 3G -redo --msub mitochondrial
Seed:    102264 (Using SPRNG - Scalable Parallel Random Number Generator)
Time:    Mon Jul  7 12:32:55 2025
Kernel:  AVX+FMA - 1 threads (1 CPU cores detected)

Reading alignment file results/NAD4/clipkit/WBNAD4Aligned.fasta ... Fasta format detected
Reading fasta file: done in 0.000149442 secs using 32.79% CPU
Alignment most likely contains DNA/RNA sequences
Alignment has 18 sequences with 402 columns, 19 distinct patterns
10 parsimony-informative, 4 singleton sites, 388 constant sites
                      Gap/Ambiguity  Composition  p-value
Analyzing sequences: done in 4.76697e-06 secs using 41.96% CPU
   1  WB_Wooster_2024_28      0.25%    passed     97.85%
   2  WB_Cleveland_2024_26    0.25%    passed     99.30%
   3  WB_Wooster_2024_31      0.50%    passed     99.24%
   4  WB_Cleveland_2024_24    0.50%    passed     99.37%
   5  WB_Cleveland_2024_28    0.25%    passed    100.00%
   6  WB_Wooster_2024_35      1.24%    passed     99.92%
   7  WB_Cleveland_2024_23    0.00%    passed     99.67%
   8  WB_Wooster_2024_30      0.00%    passed     99.67%
   9  WB_Wooster_2024_33      0.50%    passed     99.90%
  10  WB_Wooster_2024_36      0.25%    passed     99.93%
  11  WB_Cleveland_2024_21    0.25%    passed     99.86%
  12  WB_Cleveland_2024_22    0.50%    passed     99.90%
  13  WB_Cleveland_2024_25    0.00%    passed    100.00%
  14  WB_Cleveland_2024_27    0.25%    passed     99.86%
  15  WB_Wooster_2024_27      0.25%    passed     99.86%
  16  WB_Wooster_2024_32      0.25%    passed     99.86%
  17  WB_Wooster_2024_34      0.00%    passed    100.00%
  18  WB_Wooster_2024_29      0.25%    passed    100.00%
****  TOTAL                   0.30%  0 sequences failed composition chi2 test (p-value<5%; df=3)
NOTE: WB_Wooster_2024_30 is identical to WB_Cleveland_2024_23 but kept for subsequent analysis
NOTE: WB_Cleveland_2024_27 is identical to WB_Cleveland_2024_21 but kept for subsequent analysis
NOTE: WB_Wooster_2024_34 is identical to WB_Cleveland_2024_25 but kept for subsequent analysis
NOTE: 2 identical sequences (see below) will be ignored for subsequent analysis
NOTE: WB_Wooster_2024_27 (identical to WB_Cleveland_2024_21) is ignored but added at the end
NOTE: WB_Wooster_2024_32 (identical to WB_Cleveland_2024_21) is ignored but added at the end
Alignment was printed to results/NAD4/iqtree/WBNAD4Aligned.uniqueseq.phy

For your convenience alignment with unique sequences printed to results/NAD4/iqtree/WBNAD4Aligned.uniqueseq.phy


Create initial parsimony tree by phylogenetic likelihood library (PLL)... 0.000 seconds
Perform fast likelihood tree search using GTR+I+G model...
Estimate model parameters (epsilon = 5.000)
Perform nearest neighbor interchange...
Estimate model parameters (epsilon = 1.000)
1. Initial log-likelihood: -595.832
Optimal log-likelihood: -595.511
Rate parameters:  A-C: 0.00010  A-G: 4.51239  A-T: 0.00010  C-G: 0.00010  C-T: 2.43999  G-T: 1.00000
Warning! Some parameters hit the boundaries
Base frequencies:  A: 0.427  C: 0.200  G: 0.077  T: 0.296
Proportion of invariable sites: 0.480
Gamma shape alpha: 0.128
Parameters optimization took 1 rounds (0.002 sec)
Time for fast ML tree search: 0.007 seconds

NOTE: ModelFinder requires 0 MB RAM!
ModelFinder will test up to 484 DNA models (sample size: 402 epsilon: 0.100) ...
 No. Model         -LnL         df  AIC          AICc         BIC
  1  GTR+F         596.560      37  1267.119     1274.845     1414.988
  2  GTR+F+I       595.097      38  1266.194     1274.359     1418.059
  3  GTR+F+G4      595.212      38  1266.424     1274.589     1418.289
  4  GTR+F+I+G4    595.079      39  1268.159     1276.778     1424.020
  5  GTR+F+R2      595.622      39  1269.244     1277.863     1425.106
+R3 reinitialized from +R2 with factor 0.500
  6  GTR+F+R3      595.668      41  1273.336     1282.902     1437.190
 14  GTR+F+I+R2    595.210      40  1270.421     1279.507     1430.279
 15  GTR+F+I+R3    595.295      42  1274.591     1284.652     1442.442
 23  SYM           652.735      34  1373.470     1379.955     1509.350
 24  SYM+I         652.068      35  1374.137     1381.022     1514.013
 25  SYM+G4        652.068      35  1374.136     1381.022     1514.012
 26  SYM+I+G4      652.062      36  1376.124     1383.423     1519.997
 45  TVM+F         596.215      36  1264.430     1271.729     1408.303
 46  TVM+F+I       595.264      37  1264.529     1272.254     1412.397
 47  TVM+F+G4      595.300      37  1264.601     1272.326     1412.469
 48  TVM+F+I+G4    595.270      38  1266.540     1274.705     1418.405
 67  TVMe          653.102      33  1372.203     1378.301     1504.086
 68  TVMe+I        652.365      34  1372.730     1379.215     1508.609
 69  TVMe+G4       652.368      34  1372.737     1379.222     1508.616
 70  TVMe+I+G4     652.370      35  1374.741     1381.626     1514.617
 89  TIM3+F        600.557      35  1271.115     1278.000     1410.991
 90  TIM3+F+I      599.750      36  1271.501     1278.799     1415.373
 91  TIM3+F+G4     599.698      36  1271.395     1278.694     1415.267
 92  TIM3+F+I+G4   599.647      37  1273.294     1281.019     1421.163
111  TIM3e         654.926      32  1373.852     1379.575     1501.738
112  TIM3e+I       654.250      33  1374.500     1380.598     1506.383
113  TIM3e+G4      654.248      33  1374.495     1380.593     1506.378
114  TIM3e+I+G4    654.245      34  1376.489     1382.974     1512.369
133  TIM2+F        598.315      35  1266.631     1273.516     1406.507
134  TIM2+F+I      596.341      36  1264.682     1271.981     1408.555
135  TIM2+F+G4     596.506      36  1265.011     1272.310     1408.884
136  TIM2+F+I+G4   596.189      37  1266.379     1274.104     1414.247
155  TIM2e         653.825      32  1371.651     1377.374     1499.537
156  TIM2e+I       653.204      33  1372.409     1378.506     1504.292
157  TIM2e+G4      653.204      33  1372.408     1378.506     1504.291
158  TIM2e+I+G4    653.202      34  1374.405     1380.890     1510.284
177  TIM+F         599.297      35  1268.594     1275.479     1408.470
178  TIM+F+I       598.499      36  1268.998     1276.297     1412.870
179  TIM+F+G4      598.511      36  1269.022     1276.321     1412.895
180  TIM+F+I+G4    598.502      37  1271.003     1278.728     1418.872
199  TIMe          654.692      32  1373.383     1379.107     1501.270
200  TIMe+I        654.068      33  1374.137     1380.235     1506.020
201  TIMe+G4       654.068      33  1374.136     1380.234     1506.019
202  TIMe+I+G4     654.067      34  1376.133     1382.618     1512.013
221  TPM3u+F       599.949      34  1267.898     1274.383     1403.777
222  TPM3u+F+I     599.184      35  1268.368     1275.253     1408.244
223  TPM3u+F+G4    599.189      35  1268.378     1275.264     1408.254
224  TPM3u+F+I+G4  599.181      36  1270.362     1277.661     1414.234
243  TPM3          655.276      31  1372.552     1377.914     1496.442
244  TPM3+I        654.500      32  1373.001     1378.724     1500.887
245  TPM3+G4       654.506      32  1373.012     1378.736     1500.899
246  TPM3+I+G4     654.503      33  1375.006     1381.104     1506.889
265  TPM2u+F       598.594      34  1265.188     1271.673     1401.067
266  TPM2u+F+I     597.731      35  1265.462     1272.348     1405.338
267  TPM2u+F+G4    597.732      35  1265.464     1272.349     1405.340
268  TPM2u+F+I+G4  597.693      36  1267.386     1274.684     1411.258
287  TPM2          654.833      31  1371.667     1377.029     1495.557
288  TPM2+I        654.005      32  1372.010     1377.734     1499.897
289  TPM2+G4       653.817      32  1371.634     1377.358     1499.521
290  TPM2+I+G4     653.516      33  1373.031     1379.129     1504.914
309  K3Pu+F        599.315      34  1266.631     1273.116     1402.510
310  K3Pu+F+I      598.593      35  1267.186     1274.071     1407.062
311  K3Pu+F+G4     598.594      35  1267.188     1274.073     1407.063
312  K3Pu+F+I+G4   598.588      36  1269.176     1276.474     1413.048
331  K3P           655.077      31  1372.154     1377.516     1496.044
332  K3P+I         654.354      32  1372.707     1378.431     1500.594
333  K3P+G4        654.355      32  1372.710     1378.433     1500.596
334  K3P+I+G4      654.359      33  1374.718     1380.816     1506.601
353  TN+F          600.954      34  1269.909     1276.394     1405.788
354  TN+F+I        600.101      35  1270.201     1277.087     1410.077
355  TN+F+G4       600.127      35  1270.255     1277.140     1410.130
356  TN+F+I+G4     600.103      36  1272.205     1279.504     1416.077
375  TNe           656.067      31  1374.134     1379.496     1498.024
376  TNe+I         655.418      32  1374.837     1380.560     1502.723
377  TNe+G4        655.418      32  1374.836     1380.560     1502.723
378  TNe+I+G4      655.418      33  1376.835     1382.933     1508.718
397  HKY+F         600.974      33  1267.948     1274.046     1399.831
398  HKY+F+I       600.208      34  1268.416     1274.902     1404.296
399  HKY+F+G4      600.213      34  1268.427     1274.912     1404.306
400  HKY+F+I+G4    600.204      35  1270.408     1277.294     1410.284
419  K2P           656.445      30  1372.889     1377.903     1492.783
420  K2P+I         655.689      31  1373.377     1378.739     1497.267
421  K2P+G4        655.695      31  1373.390     1378.752     1497.280
422  K2P+I+G4      655.696      32  1375.393     1381.116     1503.279
441  F81+F         612.771      32  1289.542     1295.265     1417.428
442  F81+F+I       612.051      33  1290.102     1296.200     1421.985
443  F81+F+G4      612.053      33  1290.106     1296.204     1421.989
444  F81+F+I+G4    612.058      34  1292.116     1298.601     1427.996
463  JC            665.644      29  1389.288     1393.966     1505.185
464  JC+I          664.882      30  1389.765     1394.778     1509.658
465  JC+G4         664.889      30  1389.779     1394.792     1509.672
466  JC+I+G4       664.893      31  1391.785     1397.147     1515.675
Akaike Information Criterion:           TVM+F
Corrected Akaike Information Criterion: TPM2u+F
Bayesian Information Criterion:         HKY+F
Best-fit model: HKY+F chosen according to BIC

All model information printed to results/NAD4/iqtree/WBNAD4Aligned.model.gz
CPU time for ModelFinder: 0.143 seconds (0h:0m:0s)
Wall-clock time for ModelFinder: 0.152 seconds (0h:0m:0s)
Generating 1000 samples for ultrafast bootstrap (seed: 102264)...

NOTE: 0 MB RAM (0 GB) is required!
Estimate model parameters (epsilon = 0.100)
1. Initial log-likelihood: -612.773
2. Current log-likelihood: -600.974
Optimal log-likelihood: -600.974
Rate parameters:  A-C: 1.00000  A-G: 17.48163  A-T: 1.00000  C-G: 1.00000  C-T: 17.48163  G-T: 1.00000
Base frequencies:  A: 0.427  C: 0.200  G: 0.077  T: 0.296
Parameters optimization took 2 rounds (0.001 sec)
Wrote distance file to... 
Computing ML distances based on estimated model parameters...
Calculating distance matrix: done in 0.000391942 secs using 94.4% CPU
Computing ML distances took 0.000433 sec (of wall-clock time) 0.000412 sec (of CPU time)
Setting up auxiliary I and S matrices: done in 3.50261e-05 secs using 97.07% CPU
Computing RapidNJ tree took 0.000153 sec (of wall-clock time) 0.000149 sec (of CPU time)
Log-likelihood of RapidNJ tree: -600.986
--------------------------------------------------------------------
|             INITIALIZING CANDIDATE TREE SET                      |
--------------------------------------------------------------------
Generating 98 parsimony trees... 0.019 second
Computing log-likelihood of 98 initial trees ... 0.016 seconds
Current best score: -600.974

Do NNI search on 20 best initial trees
Estimate model parameters (epsilon = 0.100)
BETTER TREE FOUND at iteration 1: -600.974
BETTER TREE FOUND at iteration 2: -600.974
BETTER TREE FOUND at iteration 5: -600.974
BETTER TREE FOUND at iteration 10: -600.974
Iteration 10 / LogL: -600.974 / Time: 0h:0m:0s
BETTER TREE FOUND at iteration 13: -600.974
BETTER TREE FOUND at iteration 14: -600.974
Iteration 20 / LogL: -600.974 / Time: 0h:0m:0s
Finish initializing candidate tree set (18)
Current best tree score: -600.974 / CPU time: 0.066
Number of iterations: 20
--------------------------------------------------------------------
|               OPTIMIZING CANDIDATE TREE SET                      |
--------------------------------------------------------------------
Iteration 30 / LogL: -600.974 / Time: 0h:0m:0s (0h:0m:0s left)
Iteration 40 / LogL: -600.975 / Time: 0h:0m:0s (0h:0m:0s left)
Iteration 50 / LogL: -602.672 / Time: 0h:0m:0s (0h:0m:0s left)
Log-likelihood cutoff on original alignment: -622.317
Iteration 60 / LogL: -602.672 / Time: 0h:0m:0s (0h:0m:0s left)
Iteration 70 / LogL: -600.974 / Time: 0h:0m:0s (0h:0m:0s left)
BETTER TREE FOUND at iteration 77: -600.974
Iteration 80 / LogL: -606.716 / Time: 0h:0m:0s (0h:0m:0s left)
BETTER TREE FOUND at iteration 82: -600.974
Iteration 90 / LogL: -600.975 / Time: 0h:0m:0s (0h:0m:0s left)
Iteration 100 / LogL: -602.672 / Time: 0h:0m:0s (0h:0m:0s left)
Log-likelihood cutoff on original alignment: -623.226
NOTE: Bootstrap correlation coefficient of split occurrence frequencies: 0.898
NOTE: UFBoot does not converge, continue at least 100 more iterations
Iteration 110 / LogL: -600.975 / Time: 0h:0m:0s (0h:0m:0s left)
Iteration 120 / LogL: -602.671 / Time: 0h:0m:0s (0h:0m:0s left)
UPDATE BEST LOG-LIKELIHOOD: -600.974
Iteration 130 / LogL: -600.975 / Time: 0h:0m:0s (0h:0m:0s left)
Iteration 140 / LogL: -600.977 / Time: 0h:0m:0s (0h:0m:0s left)
Iteration 150 / LogL: -612.141 / Time: 0h:0m:0s (0h:0m:0s left)
Log-likelihood cutoff on original alignment: -623.227
Iteration 160 / LogL: -600.974 / Time: 0h:0m:1s (0h:0m:0s left)
Iteration 170 / LogL: -600.975 / Time: 0h:0m:1s (0h:0m:0s left)
Iteration 180 / LogL: -600.975 / Time: 0h:0m:1s (0h:0m:0s left)
Iteration 190 / LogL: -600.975 / Time: 0h:0m:1s (0h:0m:0s left)
Iteration 200 / LogL: -600.975 / Time: 0h:0m:1s (0h:0m:0s left)
Log-likelihood cutoff on original alignment: -623.227
NOTE: Bootstrap correlation coefficient of split occurrence frequencies: 0.963
NOTE: UFBoot does not converge, continue at least 100 more iterations
Iteration 210 / LogL: -611.747 / Time: 0h:0m:1s (0h:0m:0s left)
Iteration 220 / LogL: -600.974 / Time: 0h:0m:1s (0h:0m:0s left)
Iteration 230 / LogL: -609.497 / Time: 0h:0m:1s (0h:0m:0s left)
Iteration 240 / LogL: -600.976 / Time: 0h:0m:1s (0h:0m:0s left)
Iteration 250 / LogL: -602.673 / Time: 0h:0m:1s (0h:0m:0s left)
Log-likelihood cutoff on original alignment: -623.227
Iteration 260 / LogL: -619.738 / Time: 0h:0m:1s (0h:0m:0s left)
Iteration 270 / LogL: -600.976 / Time: 0h:0m:1s (0h:0m:0s left)
Iteration 280 / LogL: -600.976 / Time: 0h:0m:1s (0h:0m:0s left)
Iteration 290 / LogL: -600.976 / Time: 0h:0m:1s (0h:0m:0s left)
Iteration 300 / LogL: -602.671 / Time: 0h:0m:1s (0h:0m:0s left)
Log-likelihood cutoff on original alignment: -623.230
NOTE: Bootstrap correlation coefficient of split occurrence frequencies: 0.976
NOTE: UFBoot does not converge, continue at least 100 more iterations
Iteration 310 / LogL: -602.671 / Time: 0h:0m:1s (0h:0m:0s left)
Iteration 320 / LogL: -602.672 / Time: 0h:0m:1s (0h:0m:0s left)
Iteration 330 / LogL: -604.733 / Time: 0h:0m:1s (0h:0m:0s left)
Iteration 340 / LogL: -602.671 / Time: 0h:0m:2s (0h:0m:0s left)
Iteration 350 / LogL: -600.974 / Time: 0h:0m:2s (0h:0m:0s left)
Log-likelihood cutoff on original alignment: -623.686
Iteration 360 / LogL: -600.977 / Time: 0h:0m:2s (0h:0m:0s left)
Iteration 370 / LogL: -600.975 / Time: 0h:0m:2s (0h:0m:0s left)
Iteration 380 / LogL: -600.977 / Time: 0h:0m:2s (0h:0m:0s left)
Iteration 390 / LogL: -600.976 / Time: 0h:0m:2s (0h:0m:0s left)
Iteration 400 / LogL: -600.975 / Time: 0h:0m:2s (0h:0m:0s left)
Log-likelihood cutoff on original alignment: -623.686
NOTE: Bootstrap correlation coefficient of split occurrence frequencies: 0.978
NOTE: UFBoot does not converge, continue at least 100 more iterations
Iteration 410 / LogL: -600.977 / Time: 0h:0m:2s (0h:0m:0s left)
Iteration 420 / LogL: -602.672 / Time: 0h:0m:2s (0h:0m:0s left)
Iteration 430 / LogL: -600.976 / Time: 0h:0m:2s (0h:0m:0s left)
Iteration 440 / LogL: -600.975 / Time: 0h:0m:2s (0h:0m:0s left)
Iteration 450 / LogL: -602.673 / Time: 0h:0m:2s (0h:0m:0s left)
Log-likelihood cutoff on original alignment: -623.694
Iteration 460 / LogL: -602.672 / Time: 0h:0m:2s (0h:0m:0s left)
Iteration 470 / LogL: -600.977 / Time: 0h:0m:2s (0h:0m:0s left)
Iteration 480 / LogL: -600.974 / Time: 0h:0m:2s (0h:0m:0s left)
Iteration 490 / LogL: -600.976 / Time: 0h:0m:3s (0h:0m:0s left)
Iteration 500 / LogL: -600.974 / Time: 0h:0m:3s (0h:0m:0s left)
Log-likelihood cutoff on original alignment: -623.694
NOTE: Bootstrap correlation coefficient of split occurrence frequencies: 0.983
NOTE: UFBoot does not converge, continue at least 100 more iterations
Iteration 510 / LogL: -600.975 / Time: 0h:0m:3s (0h:0m:0s left)
Iteration 520 / LogL: -602.671 / Time: 0h:0m:3s (0h:0m:0s left)
Iteration 530 / LogL: -602.671 / Time: 0h:0m:3s (0h:0m:0s left)
Iteration 540 / LogL: -600.976 / Time: 0h:0m:3s (0h:0m:0s left)
Iteration 550 / LogL: -600.975 / Time: 0h:0m:3s (0h:0m:0s left)
Log-likelihood cutoff on original alignment: -623.694
Iteration 560 / LogL: -600.975 / Time: 0h:0m:3s (0h:0m:0s left)
Iteration 570 / LogL: -600.976 / Time: 0h:0m:3s (0h:0m:0s left)
Iteration 580 / LogL: -600.974 / Time: 0h:0m:3s (0h:0m:0s left)
Iteration 590 / LogL: -600.975 / Time: 0h:0m:3s (0h:0m:0s left)
Iteration 600 / LogL: -600.975 / Time: 0h:0m:3s (0h:0m:0s left)
Log-likelihood cutoff on original alignment: -623.694
NOTE: Bootstrap correlation coefficient of split occurrence frequencies: 0.966
NOTE: UFBoot does not converge, continue at least 100 more iterations
Iteration 610 / LogL: -602.673 / Time: 0h:0m:3s (0h:0m:0s left)
Iteration 620 / LogL: -604.733 / Time: 0h:0m:4s (0h:0m:0s left)
Iteration 630 / LogL: -600.975 / Time: 0h:0m:4s (0h:0m:0s left)
UPDATE BEST LOG-LIKELIHOOD: -600.974
Iteration 640 / LogL: -600.974 / Time: 0h:0m:4s (0h:0m:0s left)
Iteration 650 / LogL: -602.671 / Time: 0h:0m:4s (0h:0m:0s left)
Log-likelihood cutoff on original alignment: -623.694
Iteration 660 / LogL: -609.496 / Time: 0h:0m:4s (0h:0m:0s left)
Iteration 670 / LogL: -600.975 / Time: 0h:0m:4s (0h:0m:0s left)
UPDATE BEST LOG-LIKELIHOOD: -600.974
Iteration 680 / LogL: -600.977 / Time: 0h:0m:4s (0h:0m:0s left)
Iteration 690 / LogL: -600.975 / Time: 0h:0m:4s (0h:0m:0s left)
Iteration 700 / LogL: -600.976 / Time: 0h:0m:4s (0h:0m:0s left)
Log-likelihood cutoff on original alignment: -623.694
NOTE: Bootstrap correlation coefficient of split occurrence frequencies: 0.987
NOTE: UFBoot does not converge, continue at least 100 more iterations
Iteration 710 / LogL: -600.976 / Time: 0h:0m:4s (0h:0m:0s left)
Iteration 720 / LogL: -609.498 / Time: 0h:0m:4s (0h:0m:0s left)
Iteration 730 / LogL: -600.974 / Time: 0h:0m:4s (0h:0m:0s left)
Iteration 740 / LogL: -600.976 / Time: 0h:0m:4s (0h:0m:0s left)
Iteration 750 / LogL: -602.672 / Time: 0h:0m:4s (0h:0m:0s left)
Log-likelihood cutoff on original alignment: -623.694
Iteration 760 / LogL: -615.792 / Time: 0h:0m:5s (0h:0m:0s left)
Iteration 770 / LogL: -600.976 / Time: 0h:0m:5s (0h:0m:0s left)
Iteration 780 / LogL: -600.974 / Time: 0h:0m:5s (0h:0m:0s left)
Iteration 790 / LogL: -600.974 / Time: 0h:0m:5s (0h:0m:0s left)
Iteration 800 / LogL: -602.672 / Time: 0h:0m:5s (0h:0m:0s left)
Log-likelihood cutoff on original alignment: -623.694
NOTE: Bootstrap correlation coefficient of split occurrence frequencies: 0.989
NOTE: UFBoot does not converge, continue at least 100 more iterations
Iteration 810 / LogL: -600.975 / Time: 0h:0m:5s (0h:0m:0s left)
Iteration 820 / LogL: -602.672 / Time: 0h:0m:5s (0h:0m:0s left)
Iteration 830 / LogL: -600.974 / Time: 0h:0m:5s (0h:0m:0s left)
UPDATE BEST LOG-LIKELIHOOD: -600.974
Iteration 840 / LogL: -604.733 / Time: 0h:0m:5s (0h:0m:0s left)
Iteration 850 / LogL: -607.250 / Time: 0h:0m:5s (0h:0m:0s left)
Log-likelihood cutoff on original alignment: -623.694
Iteration 860 / LogL: -600.976 / Time: 0h:0m:5s (0h:0m:0s left)
Iteration 870 / LogL: -611.747 / Time: 0h:0m:5s (0h:0m:0s left)
Iteration 880 / LogL: -600.975 / Time: 0h:0m:6s (0h:0m:0s left)
Iteration 890 / LogL: -600.974 / Time: 0h:0m:6s (0h:0m:0s left)
Iteration 900 / LogL: -602.673 / Time: 0h:0m:6s (0h:0m:0s left)
Log-likelihood cutoff on original alignment: -623.694
NOTE: Bootstrap correlation coefficient of split occurrence frequencies: 0.988
NOTE: UFBoot does not converge, continue at least 100 more iterations
Iteration 910 / LogL: -600.976 / Time: 0h:0m:6s (0h:0m:0s left)
Iteration 920 / LogL: -612.142 / Time: 0h:0m:6s (0h:0m:0s left)
Iteration 930 / LogL: -602.673 / Time: 0h:0m:6s (0h:0m:0s left)
Iteration 940 / LogL: -600.974 / Time: 0h:0m:6s (0h:0m:0s left)
Iteration 950 / LogL: -600.975 / Time: 0h:0m:6s (0h:0m:0s left)
Log-likelihood cutoff on original alignment: -623.694
Iteration 960 / LogL: -602.673 / Time: 0h:0m:6s (0h:0m:0s left)
Iteration 970 / LogL: -602.672 / Time: 0h:0m:6s (0h:0m:0s left)
Iteration 980 / LogL: -611.747 / Time: 0h:0m:6s (0h:0m:0s left)
Iteration 990 / LogL: -602.671 / Time: 0h:0m:7s (0h:0m:0s left)
Iteration 1000 / LogL: -600.974 / Time: 0h:0m:7s (0h:0m:0s left)
Log-likelihood cutoff on original alignment: -623.694
NOTE: Bootstrap correlation coefficient of split occurrence frequencies: 0.988
NOTE: UFBoot does not converge, continue at least 100 more iterations
WARNING: bootstrap analysis did not converge. You should rerun with higher number of iterations (-nm option)
TREE SEARCH COMPLETED AFTER 1001 ITERATIONS / Time: 0h:0m:7s

--------------------------------------------------------------------
|                    FINALIZING TREE SEARCH                        |
--------------------------------------------------------------------
Performs final model parameters optimization
Estimate model parameters (epsilon = 0.010)
1. Initial log-likelihood: -600.974
Optimal log-likelihood: -600.974
Rate parameters:  A-C: 1.00000  A-G: 17.48488  A-T: 1.00000  C-G: 1.00000  C-T: 17.48488  G-T: 1.00000
Base frequencies:  A: 0.427  C: 0.200  G: 0.077  T: 0.296
Parameters optimization took 1 rounds (0.000 sec)
BEST SCORE FOUND : -600.974
Creating bootstrap support values...
Split supports printed to NEXUS file results/NAD4/iqtree/WBNAD4Aligned.splits.nex
Total tree length: 0.038

Total number of iterations: 1001
CPU time used for tree search: 6.668 sec (0h:0m:6s)
Wall-clock time used for tree search: 6.910 sec (0h:0m:6s)
Total CPU time used: 6.850 sec (0h:0m:6s)
Total wall-clock time used: 7.156 sec (0h:0m:7s)

Computing bootstrap consensus tree...
Reading input file results/NAD4/iqtree/WBNAD4Aligned.splits.nex...
16 taxa and 176 splits.
Consensus tree written to results/NAD4/iqtree/WBNAD4Aligned.contree
Reading input trees file results/NAD4/iqtree/WBNAD4Aligned.contree
Log-likelihood of consensus tree: -600.985

Analysis results written to: 
  IQ-TREE report:                results/NAD4/iqtree/WBNAD4Aligned.iqtree
  Maximum-likelihood tree:       results/NAD4/iqtree/WBNAD4Aligned.treefile
  Likelihood distances:          results/NAD4/iqtree/WBNAD4Aligned.mldist

Ultrafast bootstrap approximation results written to:
  Split support values:          results/NAD4/iqtree/WBNAD4Aligned.splits.nex
  Consensus tree:                results/NAD4/iqtree/WBNAD4Aligned.contree
  Screen log file:               results/NAD4/iqtree/WBNAD4Aligned.log

Date and Time: Mon Jul  7 12:33:02 2025

# Ran the command: 
iqtree -s results/NAD4/clipkit/WBNAD4Aligned.fasta --prefix results/NAD4/iqtree/WBNAD4Aligned --ufboot 1000 -nt 1 -ntmax 1 -mem 3G -redo --msub mitochondrial
        
# Run stats by /usr/bin/time:
        Time: 0:07.37   CPU: 95%    Max mem: 18304 K    Exit status: 0 


[2025-07-07 12:33:02] Listing files in the output dir:
drwxr-xr-x 2 jelmer PAS0471 4.0K Jul  7 12:32 /fs/ess/PAS0471/jelmer/assist/2025-02_ferd-haps/results/NAD4/iqtree/logs
-rw-r--r-- 1 jelmer PAS0471  753 Jul  7 12:32 /fs/ess/PAS0471/jelmer/assist/2025-02_ferd-haps/results/NAD4/iqtree/WBNAD4Aligned.bionj
-rw-r--r-- 1 jelmer PAS0471  49K Jul  7 12:33 /fs/ess/PAS0471/jelmer/assist/2025-02_ferd-haps/results/NAD4/iqtree/WBNAD4Aligned.ckp.gz
-rw-r--r-- 1 jelmer PAS0471  846 Jul  7 12:33 /fs/ess/PAS0471/jelmer/assist/2025-02_ferd-haps/results/NAD4/iqtree/WBNAD4Aligned.contree
-rw-r--r-- 1 jelmer PAS0471  19K Jul  7 12:33 /fs/ess/PAS0471/jelmer/assist/2025-02_ferd-haps/results/NAD4/iqtree/WBNAD4Aligned.iqtree
-rw-r--r-- 1 jelmer PAS0471  24K Jul  7 12:33 /fs/ess/PAS0471/jelmer/assist/2025-02_ferd-haps/results/NAD4/iqtree/WBNAD4Aligned.log
-rw-r--r-- 1 jelmer PAS0471 2.9K Jul  7 12:32 /fs/ess/PAS0471/jelmer/assist/2025-02_ferd-haps/results/NAD4/iqtree/WBNAD4Aligned.mldist
-rw-r--r-- 1 jelmer PAS0471 3.0K Jul  7 12:32 /fs/ess/PAS0471/jelmer/assist/2025-02_ferd-haps/results/NAD4/iqtree/WBNAD4Aligned.model.gz
-rw-r--r-- 1 jelmer PAS0471 3.2K Jul  7 12:33 /fs/ess/PAS0471/jelmer/assist/2025-02_ferd-haps/results/NAD4/iqtree/WBNAD4Aligned.splits.nex
-rw-r--r-- 1 jelmer PAS0471  846 Jul  7 12:33 /fs/ess/PAS0471/jelmer/assist/2025-02_ferd-haps/results/NAD4/iqtree/WBNAD4Aligned.treefile
-rw-r--r-- 1 jelmer PAS0471 6.7K Jul  7 12:32 /fs/ess/PAS0471/jelmer/assist/2025-02_ferd-haps/results/NAD4/iqtree/WBNAD4Aligned.uniqueseq.phy

======================================================================
[2025-07-07 12:33:03] Versions used:

[2025-07-07 12:33:03] Version of this shell script:
iqtree.sh by Jelmer Poelstra, version 2025-05-28 (https://github.com/mcic-osu/mcic-scripts)

[2025-07-07 12:33:03] Version of IQ-TREE:
IQ-TREE multicore version 2.4.0 for Linux x86 64-bit built Feb 12 2025
Developed by Bui Quang Minh, Nguyen Lam Tung, Olga Chernomor, Heiko Schmidt,
Dominik Schrempf, Michael Woodhams, Ly Trong Nhan, Thomas Wong


JobID                                                           AllocTRES    Elapsed    CPUTime 
------------ ------------------------------------------------------------ ---------- ---------- 
1908872                                     billing=1,cpu=1,mem=4G,node=1   00:00:10   00:00:10 

[2025-07-07 12:33:03] Successfully completed script iqtree.sh

